<?xml version="1.0" encoding="UTF-8"?>
<testng-results ignored="0" total="5" passed="5" failed="0" skipped="0">
  <reporter-output>
  </reporter-output>
  <suite started-at="2022-01-16T21:09:46Z" name="Default suite" finished-at="2022-01-16T21:09:46Z" duration-ms="185">
    <groups>
      <group name="cucumber">
        <method signature="AbstractTestNGCucumberTests.feature(cucumber.api.testng.CucumberFeatureWrapper)[pri:0, instance:com.nexttechITC.TestRunner.TestNGTestRunner$TestRunner@135606db]" name="feature" class="cucumber.api.testng.AbstractTestNGCucumberTests"/>
      </group> <!-- cucumber -->
    </groups>
    <test started-at="2022-01-16T21:09:46Z" name="Default test" finished-at="2022-01-16T21:09:46Z" duration-ms="185">
      <class name="com.nexttechITC.TestRunner.TestNGTestRunner$TestRunner">
        <test-method is-config="true" signature="setUpClass()[pri:0, instance:com.nexttechITC.TestRunner.TestNGTestRunner$TestRunner@135606db]" started-at="2022-01-16T16:09:46Z" name="setUpClass" finished-at="2022-01-16T16:09:46Z" duration-ms="104" status="PASS">
          <reporter-output>
          </reporter-output>
        </test-method> <!-- setUpClass -->
        <test-method signature="feature(cucumber.api.testng.CucumberFeatureWrapper)[pri:0, instance:com.nexttechITC.TestRunner.TestNGTestRunner$TestRunner@135606db]" started-at="2022-01-16T16:09:46Z" name="feature" description="Runs Cucumber Feature" data-provider="features" finished-at="2022-01-16T16:09:46Z" duration-ms="5" status="PASS">
          <params>
            <param index="0">
              <value>
                <![CDATA[user want to visit amazon webpage & verify search]]>
              </value>
            </param>
          </params>
          <reporter-output>
          </reporter-output>
        </test-method> <!-- feature -->
        <test-method signature="feature(cucumber.api.testng.CucumberFeatureWrapper)[pri:0, instance:com.nexttechITC.TestRunner.TestNGTestRunner$TestRunner@135606db]" started-at="2022-01-16T16:09:46Z" name="feature" description="Runs Cucumber Feature" data-provider="features" finished-at="2022-01-16T16:09:46Z" duration-ms="2" status="PASS">
          <params>
            <param index="0">
              <value>
                <![CDATA[Validate user login]]>
              </value>
            </param>
          </params>
          <reporter-output>
          </reporter-output>
        </test-method> <!-- feature -->
        <test-method signature="feature(cucumber.api.testng.CucumberFeatureWrapper)[pri:0, instance:com.nexttechITC.TestRunner.TestNGTestRunner$TestRunner@135606db]" started-at="2022-01-16T16:09:46Z" name="feature" description="Runs Cucumber Feature" data-provider="features" finished-at="2022-01-16T16:09:46Z" duration-ms="1" status="PASS">
          <params>
            <param index="0">
              <value>
                <![CDATA[Validate Amazon Bestseller]]>
              </value>
            </param>
          </params>
          <reporter-output>
          </reporter-output>
        </test-method> <!-- feature -->
        <test-method signature="feature(cucumber.api.testng.CucumberFeatureWrapper)[pri:0, instance:com.nexttechITC.TestRunner.TestNGTestRunner$TestRunner@135606db]" started-at="2022-01-16T16:09:46Z" name="feature" description="Runs Cucumber Feature" data-provider="features" finished-at="2022-01-16T16:09:46Z" duration-ms="0" status="PASS">
          <params>
            <param index="0">
              <value>
                <![CDATA[Dell action]]>
              </value>
            </param>
          </params>
          <reporter-output>
          </reporter-output>
        </test-method> <!-- feature -->
        <test-method signature="feature(cucumber.api.testng.CucumberFeatureWrapper)[pri:0, instance:com.nexttechITC.TestRunner.TestNGTestRunner$TestRunner@135606db]" started-at="2022-01-16T16:09:46Z" name="feature" description="Runs Cucumber Feature" data-provider="features" finished-at="2022-01-16T16:09:46Z" duration-ms="0" status="PASS">
          <params>
            <param index="0">
              <value>
                <![CDATA[Validate Facebook Login]]>
              </value>
            </param>
          </params>
          <reporter-output>
          </reporter-output>
        </test-method> <!-- feature -->
        <test-method is-config="true" signature="tearDownClass()[pri:0, instance:com.nexttechITC.TestRunner.TestNGTestRunner$TestRunner@135606db]" started-at="2022-01-16T16:09:46Z" name="tearDownClass" finished-at="2022-01-16T16:09:46Z" duration-ms="16" status="PASS">
          <reporter-output>
          </reporter-output>
        </test-method> <!-- tearDownClass -->
      </class> <!-- com.nexttechITC.TestRunner.TestNGTestRunner$TestRunner -->
    </test> <!-- Default test -->
  </suite> <!-- Default suite -->
</testng-results>
